d:\game project\repo\v3\masterofbattlearena\gameproject\debug\vc141.pdb
d:\game project\repo\v3\masterofbattlearena\gameproject\debug\vc141.idb
d:\game project\repo\v3\masterofbattlearena\gameproject\debug\animatedsprite.obj
d:\game project\repo\v3\masterofbattlearena\gameproject\debug\bullet.obj
d:\game project\repo\v3\masterofbattlearena\gameproject\debug\charobject.obj
d:\game project\repo\v3\masterofbattlearena\gameproject\debug\enemy.obj
d:\game project\repo\v3\masterofbattlearena\gameproject\debug\game.obj
d:\game project\repo\v3\masterofbattlearena\gameproject\debug\gameresources.obj
d:\game project\repo\v3\masterofbattlearena\gameproject\debug\main.obj
d:\game project\repo\v3\masterofbattlearena\gameproject\debug\map.obj
d:\game project\repo\v3\masterofbattlearena\gameproject\debug\player.obj
d:\game project\repo\v3\masterofbattlearena\gameproject\debug\scenegame.obj
d:\game project\repo\v3\masterofbattlearena\gameproject\debug\scenemainmenu.obj
d:\game project\repo\v3\masterofbattlearena\gameproject\debug\spawner.obj
d:\game project\repo\v3\masterofbattlearena\debug\gameproject.exe
d:\game project\repo\v3\masterofbattlearena\debug\gameproject.ilk
d:\game project\repo\v3\masterofbattlearena\debug\gameproject.pdb
d:\game project\repo\v3\masterofbattlearena\gameproject\debug\gameproject.tlog\cl.command.1.tlog
d:\game project\repo\v3\masterofbattlearena\gameproject\debug\gameproject.tlog\cl.read.1.tlog
d:\game project\repo\v3\masterofbattlearena\gameproject\debug\gameproject.tlog\cl.write.1.tlog
d:\game project\repo\v3\masterofbattlearena\gameproject\debug\gameproject.tlog\link.command.1.tlog
d:\game project\repo\v3\masterofbattlearena\gameproject\debug\gameproject.tlog\link.read.1.tlog
d:\game project\repo\v3\masterofbattlearena\gameproject\debug\gameproject.tlog\link.write.1.tlog
