  SceneGame.cpp
d:\game project\repo\vfinaltrue\masterofbattlearena\gameproject\scenegame.cpp(16): warning C4244: 'initializing': conversion from 'int' to 'float', possible loss of data
d:\game project\repo\vfinaltrue\masterofbattlearena\gameproject\scenegame.cpp(41): warning C4018: '<': signed/unsigned mismatch
d:\game project\repo\vfinaltrue\masterofbattlearena\gameproject\scenegame.cpp(69): warning C4018: '<': signed/unsigned mismatch
d:\game project\repo\vfinaltrue\masterofbattlearena\gameproject\scenegame.cpp(127): warning C4018: '<': signed/unsigned mismatch
d:\game project\repo\vfinaltrue\masterofbattlearena\gameproject\scenegame.cpp(129): warning C4018: '<': signed/unsigned mismatch
d:\game project\repo\vfinaltrue\masterofbattlearena\gameproject\scenegame.cpp(179): warning C4018: '<': signed/unsigned mismatch
d:\game project\repo\vfinaltrue\masterofbattlearena\gameproject\scenegame.cpp(194): warning C4244: 'initializing': conversion from 'const float' to 'unsigned int', possible loss of data
d:\game project\repo\vfinaltrue\masterofbattlearena\gameproject\scenegame.cpp(195): warning C4244: 'initializing': conversion from 'const float' to 'unsigned int', possible loss of data
d:\game project\repo\vfinaltrue\masterofbattlearena\gameproject\scenegame.cpp(199): warning C4244: 'initializing': conversion from 'unsigned int' to 'float', possible loss of data
d:\game project\repo\vfinaltrue\masterofbattlearena\gameproject\scenegame.cpp(249): warning C4244: 'argument': conversion from 'unsigned int' to 'const float', possible loss of data
d:\game project\repo\vfinaltrue\masterofbattlearena\gameproject\scenegame.cpp(249): warning C4244: '=': conversion from 'float' to 'unsigned int', possible loss of data
d:\game project\repo\vfinaltrue\masterofbattlearena\gameproject\scenegame.cpp(251): warning C4244: '=': conversion from 'float' to 'unsigned int', possible loss of data
d:\game project\repo\vfinaltrue\masterofbattlearena\gameproject\scenegame.cpp(256): warning C4244: 'initializing': conversion from 'float' to 'unsigned int', possible loss of data
d:\game project\repo\vfinaltrue\masterofbattlearena\gameproject\scenegame.cpp(260): warning C4244: 'argument': conversion from 'unsigned int' to 'float', possible loss of data
  Player.cpp
d:\game project\repo\vfinaltrue\masterofbattlearena\gameproject\player.cpp(104): warning C4018: '<': signed/unsigned mismatch
  Map.cpp
  Generating Code...
  Compiling...
  Spawner.cpp
  ItemPickup.cpp
d:\game project\repo\vfinaltrue\masterofbattlearena\gameproject\itempickup.cpp(59): warning C4018: '<': signed/unsigned mismatch
d:\game project\repo\vfinaltrue\masterofbattlearena\gameproject\itempickup.cpp(80): warning C4018: '<': signed/unsigned mismatch
d:\game project\repo\vfinaltrue\masterofbattlearena\gameproject\itempickup.cpp(89): warning C4244: 'argument': conversion from 'float' to 'int', possible loss of data
  Game.cpp
d:\game project\repo\vfinaltrue\masterofbattlearena\gameproject\game.cpp(46): warning C4244: 'initializing': conversion from 'float' to 'unsigned int', possible loss of data
d:\game project\repo\vfinaltrue\masterofbattlearena\gameproject\game.cpp(50): warning C4244: 'argument': conversion from 'unsigned int' to 'float', possible loss of data
d:\game project\repo\vfinaltrue\masterofbattlearena\gameproject\game.cpp(53): warning C4244: 'argument': conversion from 'unsigned int' to 'float', possible loss of data
  Enemy.cpp
d:\game project\repo\vfinaltrue\masterofbattlearena\gameproject\enemy.cpp(29): warning C4018: '<': signed/unsigned mismatch
d:\game project\repo\vfinaltrue\masterofbattlearena\gameproject\enemy.cpp(85): warning C4244: 'initializing': conversion from 'float' to 'unsigned int', possible loss of data
d:\game project\repo\vfinaltrue\masterofbattlearena\gameproject\enemy.cpp(130): warning C4018: '<': signed/unsigned mismatch
d:\game project\repo\vfinaltrue\masterofbattlearena\gameproject\enemy.cpp(164): warning C4018: '<': signed/unsigned mismatch
d:\game project\repo\vfinaltrue\masterofbattlearena\gameproject\enemy.cpp(180): warning C4018: '<': signed/unsigned mismatch
d:\game project\repo\vfinaltrue\masterofbattlearena\gameproject\enemy.cpp(192): warning C4244: 'argument': conversion from 'float' to 'int', possible loss of data
d:\game project\repo\vfinaltrue\masterofbattlearena\gameproject\enemy.cpp(201): warning C4018: '<': signed/unsigned mismatch
d:\game project\repo\vfinaltrue\masterofbattlearena\gameproject\enemy.cpp(206): warning C4018: '<': signed/unsigned mismatch
d:\game project\repo\vfinaltrue\masterofbattlearena\gameproject\enemy.cpp(216): warning C4244: 'argument': conversion from 'float' to 'int', possible loss of data
  Bullet.cpp
d:\game project\repo\vfinaltrue\masterofbattlearena\gameproject\bullet.cpp(58): warning C4018: '<': signed/unsigned mismatch
d:\game project\repo\vfinaltrue\masterofbattlearena\gameproject\bullet.cpp(79): warning C4018: '<': signed/unsigned mismatch
d:\game project\repo\vfinaltrue\masterofbattlearena\gameproject\bullet.cpp(94): warning C4244: 'argument': conversion from 'float' to 'int', possible loss of data
  Generating Code...
  GameProject.vcxproj -> D:\Game Project\Repo\Vfinaltrue\MasterOfBattleArena\Debug\GameProject.exe
